Tradeable total: 9972
Chunk size: 500
Starting from index: 3000
Total chunks: 20
=== Chunk 7/20 | items 3000-3499 | size 500 ===
Iniciando job de sync. Buscando itens de interesse...
Encontrados 9972 itens tradeable.
Modo direcionado ativo para validação: processando 500 IDs explícitos.
Buscando preços atualizados da API...
Progresso da coleta de mercado: 500/500
Recebidas 500 respostas do mercado. Atualizando DB...
Progresso da coleta de mercado: 100/500
Progresso da persistência: 100/500
Progresso da persistência: 200/500
Progresso da coleta de mercado: 200/500
Progresso da persistência: 300/500
Progresso da persistência: 400/500
Progresso da persistência: 500/500
✅ Sincronização finalizada. 500 registros afetados.
=== Chunk 8/20 concluído ===
=== Chunk 9/20 | items 4000-4499 | size 500 ===
Iniciando job de sync. Buscando itens de interesse...
Encontrados 9972 itens tradeable.
Modo direcionado ativo para validação: processando 500 IDs explícitos.
Buscando preços atualizados da API...
Progresso da coleta de mercado: 300/500
Progresso da coleta de mercado: 100/500
Progresso da coleta de mercado: 400/500
Progresso da coleta de mercado: 200/500
Progresso da coleta de mercado: 500/500
Recebidas 500 respostas do mercado. Atualizando DB...
Progresso da persistência: 100/500
Progresso da persistência: 200/500
Progresso da persistência: 300/500
Progresso da persistência: 400/500
Progresso da persistência: 500/500
✅ Sincronização finalizada. 500 registros afetados.
=== Chunk 7/20 concluído ===
=== Chunk 8/20 | items 3500-3999 | size 500 ===
Iniciando job de sync. Buscando itens de interesse...
Encontrados 9972 itens tradeable.
Modo direcionado ativo para validação: processando 500 IDs explícitos.
Buscando preços atualizados da API...
Progresso da coleta de mercado: 300/500
Progresso da coleta de mercado: 100/500
Progresso da coleta de mercado: 400/500
Progresso da coleta de mercado: 200/500
Progresso da coleta de mercado: 300/500
Progresso da coleta de mercado: 500/500
Recebidas 500 respostas do mercado. Atualizando DB...
Progresso da persistência: 100/500
Progresso da persistência: 200/500
Progresso da persistência: 300/500
Progresso da persistência: 400/500
Progresso da persistência: 500/500
✅ Sincronização finalizada. 500 registros afetados.
=== Chunk 9/20 concluído ===
=== Chunk 10/20 | items 4500-4999 | size 500 ===
Iniciando job de sync. Buscando itens de interesse...
Encontrados 9972 itens tradeable.
Modo direcionado ativo para validação: processando 500 IDs explícitos.
Buscando preços atualizados da API...
Progresso da coleta de mercado: 400/500
Progresso da coleta de mercado: 100/500
Progresso da coleta de mercado: 500/500
Recebidas 500 respostas do mercado. Atualizando DB...
Progresso da persistência: 100/500
Progresso da persistência: 200/500
Progresso da persistência: 300/500
Progresso da coleta de mercado: 200/500
Progresso da persistência: 400/500
Progresso da persistência: 500/500
✅ Sincronização finalizada. 500 registros afetados.
=== Chunk 8/20 concluído ===
=== Chunk 9/20 | items 4000-4499 | size 500 ===
Iniciando job de sync. Buscando itens de interesse...
Encontrados 9972 itens tradeable.
Modo direcionado ativo para validação: processando 500 IDs explícitos.
Buscando preços atualizados da API...
Progresso da coleta de mercado: 300/500
Progresso da coleta de mercado: 100/500
Progresso da coleta de mercado: 200/500
Progresso da coleta de mercado: 400/500
Progresso da coleta de mercado: 300/500
Progresso da coleta de mercado: 500/500
Recebidas 500 respostas do mercado. Atualizando DB...
Progresso da persistência: 100/500
Progresso da persistência: 200/500
Progresso da persistência: 300/500
Progresso da persistência: 400/500
Progresso da persistência: 500/500
✅ Sincronização finalizada. 500 registros afetados.
=== Chunk 10/20 concluído ===
=== Chunk 11/20 | items 5000-5499 | size 500 ===
Iniciando job de sync. Buscando itens de interesse...
Encontrados 9972 itens tradeable.
Modo direcionado ativo para validação: processando 500 IDs explícitos.
Buscando preços atualizados da API...
Progresso da coleta de mercado: 400/500
Progresso da coleta de mercado: 500/500
Progresso da coleta de mercado: 100/500
Recebidas 500 respostas do mercado. Atualizando DB...
Progresso da persistência: 100/500
Progresso da persistência: 200/500
Progresso da persistência: 300/500
Progresso da persistência: 400/500
Progresso da persistência: 500/500
✅ Sincronização finalizada. 500 registros afetados.
=== Chunk 9/20 concluído ===
=== Chunk 10/20 | items 4500-4999 | size 500 ===
Iniciando job de sync. Buscando itens de interesse...
Encontrados 9972 itens tradeable.
Modo direcionado ativo para validação: processando 500 IDs explícitos.
Buscando preços atualizados da API...
Progresso da coleta de mercado: 100/500
Progresso da coleta de mercado: 200/500
Progresso da coleta de mercado: 200/500
Progresso da coleta de mercado: 300/500
Progresso da coleta de mercado: 300/500
Progresso da coleta de mercado: 400/500
Progresso da coleta de mercado: 400/500
Progresso da coleta de mercado: 500/500
Recebidas 500 respostas do mercado. Atualizando DB...
Progresso da persistência: 100/500
Progresso da coleta de mercado: 500/500
Recebidas 500 respostas do mercado. Atualizando DB...
Progresso da persistência: 200/500
Progresso da persistência: 100/500
Progresso da persistência: 300/500
Progresso da persistência: 200/500
Progresso da persistência: 400/500
Progresso da persistência: 300/500
Progresso da persistência: 500/500
✅ Sincronização finalizada. 500 registros afetados.
=== Chunk 11/20 concluído ===
=== Chunk 12/20 | items 5500-5999 | size 500 ===
Iniciando job de sync. Buscando itens de interesse...
Encontrados 9972 itens tradeable.
Modo direcionado ativo para validação: processando 500 IDs explícitos.
Buscando preços atualizados da API...
Progresso da persistência: 400/500
Progresso da persistência: 500/500
✅ Sincronização finalizada. 500 registros afetados.
=== Chunk 10/20 concluído ===
=== Chunk 11/20 | items 5000-5499 | size 500 ===
Iniciando job de sync. Buscando itens de interesse...
Encontrados 9972 itens tradeable.
Modo direcionado ativo para validação: processando 500 IDs explícitos.
Buscando preços atualizados da API...
Progresso da coleta de mercado: 100/500
Progresso da coleta de mercado: 100/500
Progresso da coleta de mercado: 200/500
Progresso da coleta de mercado: 200/500
Progresso da coleta de mercado: 300/500
Progresso da coleta de mercado: 300/500
Progresso da coleta de mercado: 400/500
Progresso da coleta de mercado: 400/500
Progresso da coleta de mercado: 500/500
Recebidas 500 respostas do mercado. Atualizando DB...
Progresso da persistência: 100/500
Progresso da persistência: 200/500
Progresso da persistência: 300/500
Progresso da persistência: 400/500
Progresso da persistência: 500/500
✅ Sincronização finalizada. 500 registros afetados.
=== Chunk 11/20 concluído ===
=== Chunk 12/20 | items 5500-5999 | size 500 ===
Iniciando job de sync. Buscando itens de interesse...
Encontrados 9972 itens tradeable.
Modo direcionado ativo para validação: processando 500 IDs explícitos.
Buscando preços atualizados da API...
Progresso da coleta de mercado: 500/500
Recebidas 500 respostas do mercado. Atualizando DB...
Progresso da persistência: 100/500
Progresso da persistência: 200/500
Progresso da persistência: 300/500
Progresso da coleta de mercado: 100/500
Progresso da persistência: 400/500
Progresso da persistência: 500/500
✅ Sincronização finalizada. 500 registros afetados.
=== Chunk 12/20 concluído ===
=== Chunk 13/20 | items 6000-6499 | size 500 ===
Iniciando job de sync. Buscando itens de interesse...
Encontrados 9972 itens tradeable.
Modo direcionado ativo para validação: processando 500 IDs explícitos.
Buscando preços atualizados da API...
Progresso da coleta de mercado: 200/500
Progresso da coleta de mercado: 100/500
Progresso da coleta de mercado: 300/500
Progresso da coleta de mercado: 200/500
Progresso da coleta de mercado: 400/500
Progresso da coleta de mercado: 300/500
Progresso da coleta de mercado: 500/500
Recebidas 500 respostas do mercado. Atualizando DB...
Progresso da persistência: 100/500
Progresso da persistência: 200/500
Progresso da persistência: 300/500
Progresso da persistência: 400/500
Progresso da persistência: 500/500
✅ Sincronização finalizada. 500 registros afetados.
=== Chunk 12/20 concluído ===
=== Chunk 13/20 | items 6000-6499 | size 500 ===
Iniciando job de sync. Buscando itens de interesse...
Encontrados 9972 itens tradeable.
Modo direcionado ativo para validação: processando 500 IDs explícitos.
Buscando preços atualizados da API...
Progresso da coleta de mercado: 400/500
Progresso da coleta de mercado: 100/500
Progresso da coleta de mercado: 500/500
Recebidas 500 respostas do mercado. Atualizando DB...
Progresso da persistência: 100/500
Progresso da persistência: 200/500
Progresso da persistência: 300/500
Progresso da persistência: 400/500
Progresso da persistência: 500/500
✅ Sincronização finalizada. 500 registros afetados.
=== Chunk 13/20 concluído ===
=== Chunk 14/20 | items 6500-6999 | size 500 ===
Iniciando job de sync. Buscando itens de interesse...
Encontrados 9972 itens tradeable.
Modo direcionado ativo para validação: processando 500 IDs explícitos.
Buscando preços atualizados da API...
Progresso da coleta de mercado: 200/500
Progresso da coleta de mercado: 300/500
Progresso da coleta de mercado: 100/500
Progresso da coleta de mercado: 400/500
Progresso da coleta de mercado: 200/500
Progresso da coleta de mercado: 500/500
Recebidas 500 respostas do mercado. Atualizando DB...
Progresso da persistência: 100/500
Progresso da persistência: 200/500
Progresso da persistência: 300/500
Progresso da persistência: 400/500
Progresso da persistência: 500/500
✅ Sincronização finalizada. 500 registros afetados.
=== Chunk 13/20 concluído ===
=== Chunk 14/20 | items 6500-6999 | size 500 ===
Iniciando job de sync. Buscando itens de interesse...
Encontrados 9972 itens tradeable.
Modo direcionado ativo para validação: processando 500 IDs explícitos.
Buscando preços atualizados da API...
Progresso da coleta de mercado: 100/500
Progresso da coleta de mercado: 300/500
Progresso da coleta de mercado: 200/500
Progresso da coleta de mercado: 400/500
Progresso da coleta de mercado: 300/500
Progresso da coleta de mercado: 400/500
Progresso da coleta de mercado: 500/500
Recebidas 500 respostas do mercado. Atualizando DB...
Progresso da persistência: 100/500
Progresso da persistência: 200/500
Progresso da persistência: 300/500
Progresso da persistência: 400/500
Progresso da persistência: 500/500
✅ Sincronização finalizada. 500 registros afetados.
=== Chunk 14/20 concluído ===
=== Chunk 15/20 | items 7000-7499 | size 500 ===
Iniciando job de sync. Buscando itens de interesse...
Encontrados 9972 itens tradeable.
Modo direcionado ativo para validação: processando 500 IDs explícitos.
Buscando preços atualizados da API...
Progresso da coleta de mercado: 500/500
Recebidas 500 respostas do mercado. Atualizando DB...
Progresso da persistência: 100/500
Progresso da persistência: 200/500
Progresso da persistência: 300/500
Progresso da persistência: 400/500
Progresso da persistência: 500/500
✅ Sincronização finalizada. 500 registros afetados.
=== Chunk 14/20 concluído ===
=== Chunk 15/20 | items 7000-7499 | size 500 ===
Iniciando job de sync. Buscando itens de interesse...
Encontrados 9972 itens tradeable.
Modo direcionado ativo para validação: processando 500 IDs explícitos.
Buscando preços atualizados da API...
Progresso da coleta de mercado: 100/500
Progresso da coleta de mercado: 100/500
Progresso da coleta de mercado: 200/500
Progresso da coleta de mercado: 200/500
Progresso da coleta de mercado: 300/500
Progresso da coleta de mercado: 300/500
Progresso da coleta de mercado: 400/500
Progresso da coleta de mercado: 400/500
Progresso da coleta de mercado: 500/500
Progresso da coleta de mercado: 500/500
Recebidas 500 respostas do mercado. Atualizando DB...
Recebidas 500 respostas do mercado. Atualizando DB...
Progresso da persistência: 100/500
Progresso da persistência: 100/500
Progresso da persistência: 200/500
Progresso da persistência: 200/500
Progresso da persistência: 300/500
Progresso da persistência: 300/500
Progresso da persistência: 400/500
Progresso da persistência: 400/500
Progresso da persistência: 500/500
✅ Sincronização finalizada. 500 registros afetados.
=== Chunk 15/20 concluído ===
=== Chunk 16/20 | items 7500-7999 | size 500 ===
Iniciando job de sync. Buscando itens de interesse...
Progresso da persistência: 500/500
✅ Sincronização finalizada. 500 registros afetados.
=== Chunk 15/20 concluído ===
=== Chunk 16/20 | items 7500-7999 | size 500 ===
Iniciando job de sync. Buscando itens de interesse...
Encontrados 9972 itens tradeable.
Modo direcionado ativo para validação: processando 500 IDs explícitos.
Buscando preços atualizados da API...
Encontrados 9972 itens tradeable.
Modo direcionado ativo para validação: processando 500 IDs explícitos.
Buscando preços atualizados da API...
Progresso da coleta de mercado: 100/500
Progresso da coleta de mercado: 100/500
Progresso da coleta de mercado: 200/500
Progresso da coleta de mercado: 200/500
Progresso da coleta de mercado: 300/500
Progresso da coleta de mercado: 300/500
Progresso da coleta de mercado: 400/500
Progresso da coleta de mercado: 400/500
Progresso da coleta de mercado: 500/500
Recebidas 500 respostas do mercado. Atualizando DB...
Progresso da coleta de mercado: 500/500
Recebidas 500 respostas do mercado. Atualizando DB...
Progresso da persistência: 100/500
Progresso da persistência: 100/500
Progresso da persistência: 200/500
Progresso da persistência: 200/500
Progresso da persistência: 300/500
Progresso da persistência: 300/500
Progresso da persistência: 400/500
Progresso da persistência: 400/500
Progresso da persistência: 500/500
Progresso da persistência: 500/500
✅ Sincronização finalizada. 500 registros afetados.
✅ Sincronização finalizada. 500 registros afetados.
=== Chunk 16/20 concluído ===
=== Chunk 16/20 concluído ===
=== Chunk 17/20 | items 8000-8499 | size 500 ===
=== Chunk 17/20 | items 8000-8499 | size 500 ===
Iniciando job de sync. Buscando itens de interesse...
Iniciando job de sync. Buscando itens de interesse...
Encontrados 9972 itens tradeable.
Modo direcionado ativo para validação: processando 500 IDs explícitos.
Buscando preços atualizados da API...
Encontrados 9972 itens tradeable.
Modo direcionado ativo para validação: processando 500 IDs explícitos.
Buscando preços atualizados da API...
Progresso da coleta de mercado: 100/500
Progresso da coleta de mercado: 100/500
Progresso da coleta de mercado: 200/500
Progresso da coleta de mercado: 200/500
Progresso da coleta de mercado: 300/500
Progresso da coleta de mercado: 300/500
Progresso da coleta de mercado: 400/500
Progresso da coleta de mercado: 400/500
Progresso da coleta de mercado: 500/500
Recebidas 500 respostas do mercado. Atualizando DB...
Progresso da coleta de mercado: 500/500
Recebidas 500 respostas do mercado. Atualizando DB...
Progresso da persistência: 100/500
Progresso da persistência: 100/500
Progresso da persistência: 200/500
Progresso da persistência: 200/500
Progresso da persistência: 300/500
Progresso da persistência: 300/500
Progresso da persistência: 400/500
Progresso da persistência: 400/500
Progresso da persistência: 500/500
✅ Sincronização finalizada. 500 registros afetados.
=== Chunk 17/20 concluído ===
=== Chunk 18/20 | items 8500-8999 | size 500 ===
Iniciando job de sync. Buscando itens de interesse...
Encontrados 9972 itens tradeable.
Modo direcionado ativo para validação: processando 500 IDs explícitos.
Buscando preços atualizados da API...
Progresso da persistência: 500/500
✅ Sincronização finalizada. 500 registros afetados.
=== Chunk 17/20 concluído ===
=== Chunk 18/20 | items 8500-8999 | size 500 ===
Iniciando job de sync. Buscando itens de interesse...
Encontrados 9972 itens tradeable.
Modo direcionado ativo para validação: processando 500 IDs explícitos.
Buscando preços atualizados da API...
Progresso da coleta de mercado: 100/500
Progresso da coleta de mercado: 100/500
Progresso da coleta de mercado: 200/500
Progresso da coleta de mercado: 200/500
Progresso da coleta de mercado: 300/500
Progresso da coleta de mercado: 300/500
Progresso da coleta de mercado: 400/500
Progresso da coleta de mercado: 400/500
Progresso da coleta de mercado: 500/500
Progresso da coleta de mercado: 500/500
Recebidas 500 respostas do mercado. Atualizando DB...
Recebidas 500 respostas do mercado. Atualizando DB...
Progresso da persistência: 100/500
Progresso da persistência: 100/500
Progresso da persistência: 200/500
Progresso da persistência: 200/500
Progresso da persistência: 300/500
Progresso da persistência: 300/500
Progresso da persistência: 400/500
Progresso da persistência: 400/500
Progresso da persistência: 500/500
✅ Sincronização finalizada. 500 registros afetados.
=== Chunk 18/20 concluído ===
=== Chunk 19/20 | items 9000-9499 | size 500 ===
Iniciando job de sync. Buscando itens de interesse...
Progresso da persistência: 500/500
✅ Sincronização finalizada. 500 registros afetados.
=== Chunk 18/20 concluído ===
=== Chunk 19/20 | items 9000-9499 | size 500 ===
Iniciando job de sync. Buscando itens de interesse...
Encontrados 9972 itens tradeable.
Modo direcionado ativo para validação: processando 500 IDs explícitos.
Buscando preços atualizados da API...
Encontrados 9972 itens tradeable.
Modo direcionado ativo para validação: processando 500 IDs explícitos.
Buscando preços atualizados da API...
Progresso da coleta de mercado: 100/500
Progresso da coleta de mercado: 100/500
Progresso da coleta de mercado: 200/500
Progresso da coleta de mercado: 200/500
Progresso da coleta de mercado: 300/500
Progresso da coleta de mercado: 300/500
Progresso da coleta de mercado: 400/500
Progresso da coleta de mercado: 400/500
Progresso da coleta de mercado: 500/500
Recebidas 500 respostas do mercado. Atualizando DB...
Progresso da coleta de mercado: 500/500
Recebidas 500 respostas do mercado. Atualizando DB...
Progresso da persistência: 100/500
Progresso da persistência: 100/500
Progresso da persistência: 200/500
Progresso da persistência: 200/500
Progresso da persistência: 300/500
Progresso da persistência: 300/500
Progresso da persistência: 400/500
Progresso da persistência: 400/500
Progresso da persistência: 500/500
✅ Sincronização finalizada. 500 registros afetados.
=== Chunk 19/20 concluído ===
=== Chunk 20/20 | items 9500-9971 | size 472 ===
Iniciando job de sync. Buscando itens de interesse...
Encontrados 9972 itens tradeable.
Modo direcionado ativo para validação: processando 472 IDs explícitos.
Buscando preços atualizados da API...
Progresso da persistência: 500/500
✅ Sincronização finalizada. 500 registros afetados.
=== Chunk 19/20 concluído ===
=== Chunk 20/20 | items 9500-9971 | size 472 ===
Iniciando job de sync. Buscando itens de interesse...
Encontrados 9972 itens tradeable.
Modo direcionado ativo para validação: processando 472 IDs explícitos.
Buscando preços atualizados da API...
Progresso da coleta de mercado: 100/472
Progresso da coleta de mercado: 100/472
Progresso da coleta de mercado: 200/472
Progresso da coleta de mercado: 200/472
Progresso da coleta de mercado: 300/472
Progresso da coleta de mercado: 300/472
Progresso da coleta de mercado: 400/472
Progresso da coleta de mercado: 400/472
Progresso da coleta de mercado: 472/472
Recebidas 472 respostas do mercado. Atualizando DB...
Progresso da persistência: 100/472
Progresso da persistência: 200/472
Progresso da persistência: 300/472
Progresso da coleta de mercado: 472/472
Recebidas 472 respostas do mercado. Atualizando DB...
Progresso da persistência: 400/472
Progresso da persistência: 100/472
Progresso da persistência: 472/472
✅ Sincronização finalizada. 472 registros afetados.
=== Chunk 20/20 concluído ===
DONE
Progresso da persistência: 200/472
Progresso da persistência: 300/472
Progresso da persistência: 400/472
Progresso da persistência: 472/472
✅ Sincronização finalizada. 472 registros afetados.
=== Chunk 20/20 concluído ===
DONE
